<?xml version="1.0" encoding="UTF-8"?>
<!-- Generated by org.testng.reporters.JUnitReportReporter -->
<testsuite hostname="CodeFighter" failures="0" tests="1" name="com.ActiTime.Testscripts.CreateCustomer" time="23.719" errors="0" timestamp="2023-09-29T11:41:57 IST" skipped="0">
  <testcase classname="com.ActiTime.Testscripts.CreateCustomer" name="CreateCustomer" time="23.719"/>
  <system-out>
    <![CDATA[DataBase Connected
Browser Launched Successfully
logged in Successfully
logged out Successfully
Browser closed Successfully
database disconnected]]>
  </system-out>
</testsuite> <!-- com.ActiTime.Testscripts.CreateCustomer -->
